#
# A fatal error has been detected by the Java Runtime Environment:
#
#  EXCEPTION_ACCESS_VIOLATION (0xc0000005) at pc=0x0000026f042d9f92, pid=10284, tid=0x0000000000001cf4
#
# JRE version: Java(TM) SE Runtime Environment (8.0_261-b12) (build 1.8.0_261-b12)
# Java VM: Java HotSpot(TM) 64-Bit Server VM (25.261-b12 mixed mode windows-amd64 compressed oops)
# Problematic frame:
# C  0x0000026f042d9f92
#
# Failed to write core dump. Minidumps are not enabled by default on client versions of Windows
#
# If you would like to submit a bug report, please visit:
#   http://bugreport.java.com/bugreport/crash.jsp
#

---------------  T H R E A D  ---------------

Current thread (0x0000026f18d78000):  JavaThread "pool-4-thread-1" [_thread_in_Java, id=7412, stack(0x000000ced7f00000,0x000000ced8000000)]

siginfo: ExceptionCode=0xc0000005, reading address 0x0000019dafffd950

Registers:
RAX=0x00000001002e2157, RBX=0x00000000c243f4de, RCX=0x0000026f18cdbf10, RDX=0x00000000c243f240
RSP=0x000000ced7ffeac8, RBP=0x000000ced7ffeca8, RSI=0x0000000000000001, RDI=0x0000000000000000
R8 =0x0000000000000001, R9 =0x00007ffbcb780000, R10=0x0000000000000000, R11=0x00000000eee6f038
R12=0x0000000000000000, R13=0x000000ced7ffec60, R14=0x0000000000000000, R15=0x0000026f18d78000
RIP=0x0000026f042d9f92, EFLAGS=0x0000000000010202

Top of Stack: (sp=0x000000ced7ffeac8)
0x000000ced7ffeac8:   0000026f042dc164 0000026f0248f690
0x000000ced7ffead8:   00000000eee6d6d0 000000ced7ffeca8
0x000000ced7ffeae8:   0000026f042da674 00000000c2456d60
0x000000ced7ffeaf8:   00000000eee6da88 00000000eee6e8c8
0x000000ced7ffeb08:   00000000c1e5b000 00000000eee6d760
0x000000ced7ffeb18:   000000ea00000000 00000000eee6d860
0x000000ced7ffeb28:   000000ea00000000 00000000c243f370
0x000000ced7ffeb38:   00000000eb79bc90 0000000000000001
0x000000ced7ffeb48:   00000000eee6f028 00000000c243f370
0x000000ced7ffeb58:   0000000000000000 00000000c243f348
0x000000ced7ffeb68:   0000026f00000001 0000026f19e615f0
0x000000ced7ffeb78:   0000026f18d78000 000000ced7ffeca8
0x000000ced7ffeb88:   0000026f03f6fc3c 000000ced7ffecf8
0x000000ced7ffeb98:   0000026f19e6140b 0000000000000000
0x000000ced7ffeba8:   0000026f18d78000 0000000000000000
0x000000ced7ffebb8:   0000026f19e614d2 000000ced7ffeca8 

Instructions: (pc=0x0000026f042d9f92)
0x0000026f042d9f72:   00 00 00 00 00 00 00 00 00 00 c6 01 00 00 00 00
0x0000026f042d9f82:   00 00 00 00 00 00 40 12 1a 04 6f 02 00 00 40 12
0x0000026f042d9f92:   1a 04 6f 02 00 00 40 12 1a 04 6f 02 00 00 40 12
0x0000026f042d9fa2:   1a 04 6f 02 00 00 ff ff ff ff ff ff ff ff 0c 10 


Register to memory mapping:

RAX=0x00000001002e2157 is pointing into metadata
RBX=0x00000000c243f4de is pointing into object: 0x00000000c243f4d8
java.lang.Object 
 - klass: 'java/lang/Object'
RCX=0x0000026f18cdbf10 is an unknown value
RDX=0x00000000c243f240 is an oop

[error occurred during error reporting (printing register info), id 0xc0000005]

Stack: [0x000000ced7f00000,0x000000ced8000000],  sp=0x000000ced7ffeac8,  free space=1018k
Native frames: (J=compiled Java code, j=interpreted, Vv=VM code, C=native code)
C  0x0000026f042d9f92


---------------  P R O C E S S  ---------------

Java Threads: ( => current thread )
  0x0000026f18db1000 JavaThread "elastic-evictor-1" daemon [_thread_blocked, id=2820, stack(0x000000ced6c00000,0x000000ced6d00000)]
  0x0000026f18f31000 JavaThread "pool-2-thread-1" [_thread_blocked, id=10876, stack(0x000000ced8200000,0x000000ced8300000)]
  0x0000026f18e10800 JavaThread "Reconciler-1" daemon [_thread_blocked, id=4292, stack(0x000000ced8100000,0x000000ced8200000)]
  0x0000026f18e0e000 JavaThread "parallel-1" daemon [_thread_blocked, id=5032, stack(0x000000ced8000000,0x000000ced8100000)]
=>0x0000026f18d78000 JavaThread "pool-4-thread-1" [_thread_in_Java, id=7412, stack(0x000000ced7f00000,0x000000ced8000000)]
  0x0000026f0247c000 JavaThread "DestroyJavaVM" [_thread_blocked, id=7980, stack(0x000000ced6e00000,0x000000ced6f00000)]
  0x0000026f17524800 JavaThread "LanguageServerApp-lifecycle" [_thread_blocked, id=11052, stack(0x000000ced7e00000,0x000000ced7f00000)]
  0x0000026f17da8800 JavaThread "Simple-Language-Server main thread" daemon [_thread_blocked, id=10164, stack(0x000000ced7d00000,0x000000ced7e00000)]
  0x0000026f16645800 JavaThread "Service Thread" daemon [_thread_blocked, id=7816, stack(0x000000ced7b00000,0x000000ced7c00000)]
  0x0000026f16643800 JavaThread "C1 CompilerThread2" daemon [_thread_blocked, id=812, stack(0x000000ced7a00000,0x000000ced7b00000)]
  0x0000026f165ea800 JavaThread "C2 CompilerThread1" daemon [_thread_blocked, id=10136, stack(0x000000ced7900000,0x000000ced7a00000)]
  0x0000026f165e8000 JavaThread "C2 CompilerThread0" daemon [_thread_blocked, id=11004, stack(0x000000ced7800000,0x000000ced7900000)]
  0x0000026f165df800 JavaThread "Attach Listener" daemon [_thread_blocked, id=9764, stack(0x000000ced7700000,0x000000ced7800000)]
  0x0000026f165de800 JavaThread "Signal Dispatcher" daemon [_thread_blocked, id=6576, stack(0x000000ced7600000,0x000000ced7700000)]
  0x0000026f165c7000 JavaThread "Finalizer" daemon [_thread_blocked, id=4320, stack(0x000000ced7500000,0x000000ced7600000)]
  0x0000026f165c6000 JavaThread "Reference Handler" daemon [_thread_blocked, id=10992, stack(0x000000ced7400000,0x000000ced7500000)]

Other Threads:
  0x0000026f165a4000 VMThread [stack: 0x000000ced7300000,0x000000ced7400000] [id=7616]
  0x0000026f1664c000 WatcherThread [stack: 0x000000ced7c00000,0x000000ced7d00000] [id=10152]

VM state:not at safepoint (normal execution)

VM Mutex/Monitor currently owned by a thread: None

heap address: 0x00000000c1c00000, size: 996 MB, Compressed Oops mode: 32-bit
Narrow klass base: 0x0000000000000000, Narrow klass shift: 3
Compressed class space size: 1073741824 Address: 0x0000000100000000

Heap:
 PSYoungGen      total 262656K, used 112600K [0x00000000eb400000, 0x00000000fc580000, 0x0000000100000000)
  eden space 256512K, 42% used [0x00000000eb400000,0x00000000f1e90c60,0x00000000fae80000)
  from space 6144K, 56% used [0x00000000fbf80000,0x00000000fc2e55e8,0x00000000fc580000)
  to   space 11776K, 0% used [0x00000000fae80000,0x00000000fae80000,0x00000000fba00000)
 ParOldGen       total 45056K, used 18620K [0x00000000c1c00000, 0x00000000c4800000, 0x00000000eb400000)
  object space 45056K, 41% used [0x00000000c1c00000,0x00000000c2e2f058,0x00000000c4800000)
 Metaspace       used 35040K, capacity 36807K, committed 36952K, reserved 1081344K
  class space    used 4557K, capacity 4931K, committed 4992K, reserved 1048576K

Card table byte_map: [0x0000026f13220000,0x0000026f13420000] byte_map_base: 0x0000026f12c12000

Marking Bits: (ParMarkBitMap*) 0x000000005c7d4fb0
 Begin Bits: [0x0000026f13570000, 0x0000026f14500000)
 End Bits:   [0x0000026f14500000, 0x0000026f15490000)

Polling page: 0x0000026f02550000

CodeCache: size=245760Kb used=11618Kb max_used=11618Kb free=234141Kb
 bounds [0x0000026f03e60000, 0x0000026f049c0000, 0x0000026f12e60000]
 total_blobs=5824 nmethods=5348 adapters=386
 compilation: enabled

Compilation events (10 events):
Event: 56616.942 Thread 0x0000026f16643800 5388       1       java.util.Optional::ofNullable (15 bytes)
Event: 56616.968 Thread 0x0000026f16643800 nmethod 5388 0x0000026f049b5790 code [0x0000026f049b5900, 0x0000026f049b5b30]
Event: 56617.378 Thread 0x0000026f16643800 5389       1       org.eclipse.jdt.internal.compiler.flow.UnconditionalFlowInfo::isDefinitelyNonNull (184 bytes)
Event: 56617.398 Thread 0x0000026f16643800 nmethod 5389 0x0000026f049b5c90 code [0x0000026f049b5e20, 0x0000026f049b6218]
Event: 56617.430 Thread 0x0000026f16643800 5392       1       org.eclipse.jdt.internal.compiler.ClassFile::utf8At (156 bytes)
Event: 56617.436 Thread 0x0000026f16643800 nmethod 5392 0x0000026f049b6590 code [0x0000026f049b6700, 0x0000026f049b6b10]
Event: 56617.465 Thread 0x0000026f16643800 5394       1       org.eclipse.jdt.internal.compiler.ClassFile::generateMethodInfoAttributes (424 bytes)
Event: 56617.508 Thread 0x0000026f16643800 nmethod 5394 0x0000026f049b6d50 code [0x0000026f049b6fc0, 0x0000026f049b79f0]
Event: 56617.526 Thread 0x0000026f16643800 5390       1       org.eclipse.jdt.internal.compiler.flow.UnconditionalFlowInfo::markAsComparedEqualToNonNull (565 bytes)
Event: 56617.529 Thread 0x0000026f16643800 nmethod 5390 0x0000026f049b8250 code [0x0000026f049b8420, 0x0000026f049b8d00]

GC Heap History (10 events):
Event: 32.134 GC heap before
{Heap before GC invocations=10 (full 1):
 PSYoungGen      total 126976K, used 126963K [0x00000000eb400000, 0x00000000f4100000, 0x0000000100000000)
  eden space 119296K, 100% used [0x00000000eb400000,0x00000000f2880000,0x00000000f2880000)
  from space 7680K, 99% used [0x00000000f3980000,0x00000000f40fcd70,0x00000000f4100000)
  to   space 10240K, 0% used [0x00000000f2d00000,0x00000000f2d00000,0x00000000f3700000)
 ParOldGen       total 32768K, used 12310K [0x00000000c1c00000, 0x00000000c3c00000, 0x00000000eb400000)
  object space 32768K, 37% used [0x00000000c1c00000,0x00000000c2805840,0x00000000c3c00000)
 Metaspace       used 32947K, capacity 34322K, committed 34560K, reserved 1079296K
  class space    used 4282K, capacity 4601K, committed 4608K, reserved 1048576K
Event: 32.153 GC heap after
Heap after GC invocations=10 (full 1):
 PSYoungGen      total 134144K, used 10217K [0x00000000eb400000, 0x00000000f7c00000, 0x0000000100000000)
  eden space 123904K, 0% used [0x00000000eb400000,0x00000000eb400000,0x00000000f2d00000)
  from space 10240K, 99% used [0x00000000f2d00000,0x00000000f36fa730,0x00000000f3700000)
  to   space 12800K, 0% used [0x00000000f6f80000,0x00000000f6f80000,0x00000000f7c00000)
 ParOldGen       total 32768K, used 15233K [0x00000000c1c00000, 0x00000000c3c00000, 0x00000000eb400000)
  object space 32768K, 46% used [0x00000000c1c00000,0x00000000c2ae0698,0x00000000c3c00000)
 Metaspace       used 32947K, capacity 34322K, committed 34560K, reserved 1079296K
  class space    used 4282K, capacity 4601K, committed 4608K, reserved 1048576K
}
Event: 32.313 GC heap before
{Heap before GC invocations=11 (full 1):
 PSYoungGen      total 134144K, used 19070K [0x00000000eb400000, 0x00000000f7c00000, 0x0000000100000000)
  eden space 123904K, 7% used [0x00000000eb400000,0x00000000ebca5238,0x00000000f2d00000)
  from space 10240K, 99% used [0x00000000f2d00000,0x00000000f36fa730,0x00000000f3700000)
  to   space 12800K, 0% used [0x00000000f6f80000,0x00000000f6f80000,0x00000000f7c00000)
 ParOldGen       total 32768K, used 15233K [0x00000000c1c00000, 0x00000000c3c00000, 0x00000000eb400000)
  object space 32768K, 46% used [0x00000000c1c00000,0x00000000c2ae0698,0x00000000c3c00000)
 Metaspace       used 33849K, capacity 35379K, committed 35416K, reserved 1079296K
  class space    used 4389K, capacity 4699K, committed 4736K, reserved 1048576K
Event: 32.327 GC heap after
Heap after GC invocations=11 (full 1):
 PSYoungGen      total 192512K, used 5213K [0x00000000eb400000, 0x00000000f8780000, 0x0000000100000000)
  eden space 179712K, 0% used [0x00000000eb400000,0x00000000eb400000,0x00000000f6380000)
  from space 12800K, 40% used [0x00000000f6f80000,0x00000000f7497790,0x00000000f7c00000)
  to   space 12288K, 0% used [0x00000000f6380000,0x00000000f6380000,0x00000000f6f80000)
 ParOldGen       total 32768K, used 19828K [0x00000000c1c00000, 0x00000000c3c00000, 0x00000000eb400000)
  object space 32768K, 60% used [0x00000000c1c00000,0x00000000c2f5d1a8,0x00000000c3c00000)
 Metaspace       used 33849K, capacity 35379K, committed 35416K, reserved 1079296K
  class space    used 4389K, capacity 4699K, committed 4736K, reserved 1048576K
}
Event: 32.328 GC heap before
{Heap before GC invocations=12 (full 2):
 PSYoungGen      total 192512K, used 5213K [0x00000000eb400000, 0x00000000f8780000, 0x0000000100000000)
  eden space 179712K, 0% used [0x00000000eb400000,0x00000000eb400000,0x00000000f6380000)
  from space 12800K, 40% used [0x00000000f6f80000,0x00000000f7497790,0x00000000f7c00000)
  to   space 12288K, 0% used [0x00000000f6380000,0x00000000f6380000,0x00000000f6f80000)
 ParOldGen       total 32768K, used 19828K [0x00000000c1c00000, 0x00000000c3c00000, 0x00000000eb400000)
  object space 32768K, 60% used [0x00000000c1c00000,0x00000000c2f5d1a8,0x00000000c3c00000)
 Metaspace       used 33849K, capacity 35379K, committed 35416K, reserved 1079296K
  class space    used 4389K, capacity 4699K, committed 4736K, reserved 1048576K
Event: 32.433 GC heap after
Heap after GC invocations=12 (full 2):
 PSYoungGen      total 192512K, used 0K [0x00000000eb400000, 0x00000000f8780000, 0x0000000100000000)
  eden space 179712K, 0% used [0x00000000eb400000,0x00000000eb400000,0x00000000f6380000)
  from space 12800K, 0% used [0x00000000f6f80000,0x00000000f6f80000,0x00000000f7c00000)
  to   space 12288K, 0% used [0x00000000f6380000,0x00000000f6380000,0x00000000f6f80000)
 ParOldGen       total 45056K, used 16593K [0x00000000c1c00000, 0x00000000c4800000, 0x00000000eb400000)
  object space 45056K, 36% used [0x00000000c1c00000,0x00000000c2c34508,0x00000000c4800000)
 Metaspace       used 33842K, capacity 35355K, committed 35416K, reserved 1079296K
  class space    used 4387K, capacity 4695K, committed 4736K, reserved 1048576K
}
Event: 1469.914 GC heap before
{Heap before GC invocations=13 (full 2):
 PSYoungGen      total 192512K, used 179712K [0x00000000eb400000, 0x00000000f8780000, 0x0000000100000000)
  eden space 179712K, 100% used [0x00000000eb400000,0x00000000f6380000,0x00000000f6380000)
  from space 12800K, 0% used [0x00000000f6f80000,0x00000000f6f80000,0x00000000f7c00000)
  to   space 12288K, 0% used [0x00000000f6380000,0x00000000f6380000,0x00000000f6f80000)
 ParOldGen       total 45056K, used 16593K [0x00000000c1c00000, 0x00000000c4800000, 0x00000000eb400000)
  object space 45056K, 36% used [0x00000000c1c00000,0x00000000c2c34508,0x00000000c4800000)
 Metaspace       used 34801K, capacity 36505K, committed 36696K, reserved 1081344K
  class space    used 4516K, capacity 4894K, committed 4992K, reserved 1048576K
Event: 1470.038 GC heap after
Heap after GC invocations=13 (full 2):
 PSYoungGen      total 192000K, used 5849K [0x00000000eb400000, 0x00000000fcb00000, 0x0000000100000000)
  eden space 179712K, 0% used [0x00000000eb400000,0x00000000eb400000,0x00000000f6380000)
  from space 12288K, 47% used [0x00000000f6380000,0x00000000f69366d0,0x00000000f6f80000)
  to   space 11776K, 0% used [0x00000000fbf80000,0x00000000fbf80000,0x00000000fcb00000)
 ParOldGen       total 45056K, used 16601K [0x00000000c1c00000, 0x00000000c4800000, 0x00000000eb400000)
  object space 45056K, 36% used [0x00000000c1c00000,0x00000000c2c36508,0x00000000c4800000)
 Metaspace       used 34801K, capacity 36505K, committed 36696K, reserved 1081344K
  class space    used 4516K, capacity 4894K, committed 4992K, reserved 1048576K
}
Event: 1506.413 GC heap before
{Heap before GC invocations=14 (full 2):
 PSYoungGen      total 192000K, used 185561K [0x00000000eb400000, 0x00000000fcb00000, 0x0000000100000000)
  eden space 179712K, 100% used [0x00000000eb400000,0x00000000f6380000,0x00000000f6380000)
  from space 12288K, 47% used [0x00000000f6380000,0x00000000f69366d0,0x00000000f6f80000)
  to   space 11776K, 0% used [0x00000000fbf80000,0x00000000fbf80000,0x00000000fcb00000)
 ParOldGen       total 45056K, used 16601K [0x00000000c1c00000, 0x00000000c4800000, 0x00000000eb400000)
  object space 45056K, 36% used [0x00000000c1c00000,0x00000000c2c36508,0x00000000c4800000)
 Metaspace       used 34956K, capacity 36713K, committed 36952K, reserved 1081344K
  class space    used 4549K, capacity 4926K, committed 4992K, reserved 1048576K
Event: 1506.449 GC heap after
Heap after GC invocations=14 (full 2):
 PSYoungGen      total 262656K, used 3477K [0x00000000eb400000, 0x00000000fc580000, 0x0000000100000000)
  eden space 256512K, 0% used [0x00000000eb400000,0x00000000eb400000,0x00000000fae80000)
  from space 6144K, 56% used [0x00000000fbf80000,0x00000000fc2e55e8,0x00000000fc580000)
  to   space 11776K, 0% used [0x00000000fae80000,0x00000000fae80000,0x00000000fba00000)
 ParOldGen       total 45056K, used 18620K [0x00000000c1c00000, 0x00000000c4800000, 0x00000000eb400000)
  object space 45056K, 41% used [0x00000000c1c00000,0x00000000c2e2f058,0x00000000c4800000)
 Metaspace       used 34956K, capacity 36713K, committed 36952K, reserved 1081344K
  class space    used 4549K, capacity 4926K, committed 4992K, reserved 1048576K
}

Deoptimization events (0 events):
No events

Classes redefined (0 events):
No events

Internal exceptions (10 events):
Event: 3488.918 Thread 0x0000026f18e10800 Exception <a 'java/lang/ArrayIndexOutOfBoundsException'> (0x00000000eecc1c58) thrown at [C:\jenkins\workspace\8-2-build-windows-amd64-cygwin\jdk8u261\295\hotspot\src\share\vm\runtime\sharedRuntime.cpp, line 605]
Event: 3490.581 Thread 0x0000026f18f31000 Exception <a 'java/lang/ArrayIndexOutOfBoundsException'> (0x00000000ee9eae08) thrown at [C:\jenkins\workspace\8-2-build-windows-amd64-cygwin\jdk8u261\295\hotspot\src\share\vm\runtime\sharedRuntime.cpp, line 605]
Event: 3490.943 Thread 0x0000026f18f31000 Exception <a 'java/lang/ArrayIndexOutOfBoundsException'> (0x00000000f1311d50) thrown at [C:\jenkins\workspace\8-2-build-windows-amd64-cygwin\jdk8u261\295\hotspot\src\share\vm\runtime\sharedRuntime.cpp, line 605]
Event: 3490.953 Thread 0x0000026f18f31000 Exception <a 'java/lang/ArrayIndexOutOfBoundsException'> (0x00000000f132aed0) thrown at [C:\jenkins\workspace\8-2-build-windows-amd64-cygwin\jdk8u261\295\hotspot\src\share\vm\runtime\sharedRuntime.cpp, line 605]
Event: 3490.954 Thread 0x0000026f18f31000 Exception <a 'java/lang/ArrayIndexOutOfBoundsException'> (0x00000000f133f308) thrown at [C:\jenkins\workspace\8-2-build-windows-amd64-cygwin\jdk8u261\295\hotspot\src\share\vm\runtime\sharedRuntime.cpp, line 605]
Event: 3490.956 Thread 0x0000026f18f31000 Exception <a 'java/lang/ArrayIndexOutOfBoundsException'> (0x00000000f13548c8) thrown at [C:\jenkins\workspace\8-2-build-windows-amd64-cygwin\jdk8u261\295\hotspot\src\share\vm\runtime\sharedRuntime.cpp, line 605]
Event: 4216.515 Thread 0x0000026f17da8800 Exception <a 'java/lang/ArrayIndexOutOfBoundsException'> (0x00000000ebdfcb70) thrown at [C:\jenkins\workspace\8-2-build-windows-amd64-cygwin\jdk8u261\295\hotspot\src\share\vm\runtime\sharedRuntime.cpp, line 605]
Event: 4224.380 Thread 0x0000026f18e10800 Exception <a 'java/lang/ArrayIndexOutOfBoundsException'> (0x00000000eee0c4f0) thrown at [C:\jenkins\workspace\8-2-build-windows-amd64-cygwin\jdk8u261\295\hotspot\src\share\vm\runtime\sharedRuntime.cpp, line 605]
Event: 42164.650 Thread 0x0000026f17da8800 Exception <a 'java/lang/ArrayIndexOutOfBoundsException'> (0x00000000f1962c10) thrown at [C:\jenkins\workspace\8-2-build-windows-amd64-cygwin\jdk8u261\295\hotspot\src\share\vm\runtime\sharedRuntime.cpp, line 605]
Event: 56617.042 Thread 0x0000026f17da8800 Exception <a 'java/lang/ArrayIndexOutOfBoundsException'> (0x00000000f1d42ed8) thrown at [C:\jenkins\workspace\8-2-build-windows-amd64-cygwin\jdk8u261\295\hotspot\src\share\vm\runtime\sharedRuntime.cpp, line 605]

Events (10 events):
Event: 42164.798 Executing VM operation: RevokeBias
Event: 42164.798 Executing VM operation: RevokeBias done
Event: 42164.798 Executing VM operation: BulkRevokeBias
Event: 42164.800 Executing VM operation: BulkRevokeBias done
Event: 42164.808 Executing VM operation: RevokeBias
Event: 42164.809 Executing VM operation: RevokeBias done
Event: 42164.810 Executing VM operation: RevokeBias
Event: 42164.810 Executing VM operation: RevokeBias done
Event: 42164.810 Executing VM operation: RevokeBias
Event: 42164.810 Executing VM operation: RevokeBias done


Dynamic libraries:
0x00007ff6401d0000 - 0x00007ff640217000 	C:\Program Files\Java\jdk1.8.0_261\bin\java.exe
0x00007ffbeef50000 - 0x00007ffbef146000 	C:\WINDOWS\SYSTEM32\ntdll.dll
0x00007ffbee210000 - 0x00007ffbee2cd000 	C:\WINDOWS\System32\KERNEL32.DLL
0x00007ffbecce0000 - 0x00007ffbecfa8000 	C:\WINDOWS\System32\KERNELBASE.dll
0x00007ffbee450000 - 0x00007ffbee4fc000 	C:\WINDOWS\System32\ADVAPI32.dll
0x00007ffbed930000 - 0x00007ffbed9ce000 	C:\WINDOWS\System32\msvcrt.dll
0x00007ffbee0a0000 - 0x00007ffbee13b000 	C:\WINDOWS\System32\sechost.dll
0x00007ffbedf70000 - 0x00007ffbee094000 	C:\WINDOWS\System32\RPCRT4.dll
0x00007ffbedc90000 - 0x00007ffbede30000 	C:\WINDOWS\System32\USER32.dll
0x00007ffbeca80000 - 0x00007ffbecaa2000 	C:\WINDOWS\System32\win32u.dll
0x00007ffbedf40000 - 0x00007ffbedf6a000 	C:\WINDOWS\System32\GDI32.dll
0x00007ffbec690000 - 0x00007ffbec799000 	C:\WINDOWS\System32\gdi32full.dll
0x00007ffbecc40000 - 0x00007ffbeccdd000 	C:\WINDOWS\System32\msvcp_win.dll
0x00007ffbec980000 - 0x00007ffbeca80000 	C:\WINDOWS\System32\ucrtbase.dll
0x00007ffbebb30000 - 0x00007ffbebdcb000 	C:\WINDOWS\WinSxS\amd64_microsoft.windows.common-controls_6595b64144ccf1df_6.0.19041.488_none_ca04af081b815d21\COMCTL32.dll
0x00007ffbedb80000 - 0x00007ffbedbb0000 	C:\WINDOWS\System32\IMM32.DLL
0x00007ffbcb780000 - 0x00007ffbcb795000 	C:\Program Files\Java\jdk1.8.0_261\jre\bin\vcruntime140.dll
0x00007ffbb8fc0000 - 0x00007ffbb905b000 	C:\Program Files\Java\jdk1.8.0_261\jre\bin\msvcp140.dll
0x000000005bfe0000 - 0x000000005c84c000 	C:\Program Files\Java\jdk1.8.0_261\jre\bin\server\jvm.dll
0x00007ffbede30000 - 0x00007ffbede38000 	C:\WINDOWS\System32\PSAPI.DLL
0x00007ffbd3790000 - 0x00007ffbd3799000 	C:\WINDOWS\SYSTEM32\WSOCK32.dll
0x00007ffbee1a0000 - 0x00007ffbee20b000 	C:\WINDOWS\System32\WS2_32.dll
0x00007ffbe2410000 - 0x00007ffbe2437000 	C:\WINDOWS\SYSTEM32\WINMM.dll
0x00007ffbe3270000 - 0x00007ffbe327a000 	C:\WINDOWS\SYSTEM32\VERSION.dll
0x00007ffbea2a0000 - 0x00007ffbea2b2000 	C:\WINDOWS\SYSTEM32\kernel.appcore.dll
0x00007ffbd7910000 - 0x00007ffbd7920000 	C:\Program Files\Java\jdk1.8.0_261\jre\bin\verify.dll
0x00007ffbbce10000 - 0x00007ffbbce3b000 	C:\Program Files\Java\jdk1.8.0_261\jre\bin\java.dll
0x00007ffbbd840000 - 0x00007ffbbd858000 	C:\Program Files\Java\jdk1.8.0_261\jre\bin\zip.dll
0x00007ffbed0d0000 - 0x00007ffbed811000 	C:\WINDOWS\System32\SHELL32.dll
0x00007ffbe9850000 - 0x00007ffbe9fe5000 	C:\WINDOWS\SYSTEM32\windows.storage.dll
0x00007ffbeea80000 - 0x00007ffbeedd5000 	C:\WINDOWS\System32\combase.dll
0x00007ffbeb910000 - 0x00007ffbeb93c000 	C:\WINDOWS\SYSTEM32\Wldp.dll
0x00007ffbee970000 - 0x00007ffbeea1e000 	C:\WINDOWS\System32\SHCORE.dll
0x00007ffbee2d0000 - 0x00007ffbee325000 	C:\WINDOWS\System32\shlwapi.dll
0x00007ffbec5c0000 - 0x00007ffbec5e6000 	C:\WINDOWS\SYSTEM32\profapi.dll
0x00007ffbd73b0000 - 0x00007ffbd73bd000 	C:\Program Files\Java\jdk1.8.0_261\jre\bin\management.dll
0x00007ffbb9810000 - 0x00007ffbb982c000 	C:\Program Files\Java\jdk1.8.0_261\jre\bin\net.dll
0x00007ffbeb730000 - 0x00007ffbeb79a000 	C:\WINDOWS\system32\mswsock.dll
0x00007ffbea280000 - 0x00007ffbea297000 	C:\WINDOWS\system32\napinsp.dll
0x00007ffbe56a0000 - 0x00007ffbe56bb000 	C:\WINDOWS\system32\pnrpnsp.dll
0x00007ffbe68d0000 - 0x00007ffbe68e5000 	C:\WINDOWS\system32\wshbth.dll
0x00007ffbe7b80000 - 0x00007ffbe7b9d000 	C:\WINDOWS\system32\NLAapi.dll
0x00007ffbeb420000 - 0x00007ffbeb45b000 	C:\WINDOWS\SYSTEM32\IPHLPAPI.DLL
0x00007ffbeb460000 - 0x00007ffbeb52b000 	C:\WINDOWS\SYSTEM32\DNSAPI.dll
0x00007ffbedbb0000 - 0x00007ffbedbb8000 	C:\WINDOWS\System32\NSI.dll
0x00007ffbe54f0000 - 0x00007ffbe5502000 	C:\WINDOWS\System32\winrnr.dll
0x00007ffbdfb80000 - 0x00007ffbdfb8a000 	C:\Windows\System32\rasadhlp.dll
0x00007ffbdf940000 - 0x00007ffbdf9bf000 	C:\WINDOWS\System32\fwpuclnt.dll
0x00007ffbecab0000 - 0x00007ffbecad7000 	C:\WINDOWS\System32\bcrypt.dll
0x00007ffbb7ea0000 - 0x00007ffbb7eb3000 	C:\Program Files\Java\jdk1.8.0_261\jre\bin\nio.dll
0x00007ffbec350000 - 0x00007ffbec368000 	C:\WINDOWS\SYSTEM32\CRYPTSP.dll
0x00007ffbeb0e0000 - 0x00007ffbeb114000 	C:\WINDOWS\system32\rsaenh.dll
0x00007ffbec580000 - 0x00007ffbec5ae000 	C:\WINDOWS\SYSTEM32\USERENV.dll
0x00007ffbec7a0000 - 0x00007ffbec81f000 	C:\WINDOWS\System32\bcryptprimitives.dll
0x00007ffbeb900000 - 0x00007ffbeb90c000 	C:\WINDOWS\SYSTEM32\CRYPTBASE.dll
0x00007ffbe91a0000 - 0x00007ffbe91b7000 	C:\WINDOWS\SYSTEM32\dhcpcsvc6.DLL
0x00007ffbe9180000 - 0x00007ffbe919d000 	C:\WINDOWS\SYSTEM32\dhcpcsvc.DLL
0x00007ffbebfc0000 - 0x00007ffbec1a4000 	C:\WINDOWS\SYSTEM32\dbghelp.dll

VM Arguments:
jvm_args: -Dspring.lsp.client-port=45556 -Dserver.port=45556 -Dsts.lsp.client=vscode -Dsts.log.file=/dev/null -XX:TieredStopAtLevel=1 -Dspring.config.location=file:c:\Users\femiliapm\.vscode\extensions\pivotal.vscode-spring-boot-1.23.0\language-server\BOOT-INF\classes\application.properties 
java_command: org.springframework.ide.vscode.boot.app.BootLanguagServerBootApp
java_class_path (initial): c:\Users\femiliapm\.vscode\extensions\pivotal.vscode-spring-boot-1.23.0\language-server\BOOT-INF\classes;c:\Users\femiliapm\.vscode\extensions\pivotal.vscode-spring-boot-1.23.0\language-server\BOOT-INF\lib\antlr4-runtime-4.5.3.jar;c:\Users\femiliapm\.vscode\extensions\pivotal.vscode-spring-boot-1.23.0\language-server\BOOT-INF\lib\byte-buddy-1.10.8.jar;c:\Users\femiliapm\.vscode\extensions\pivotal.vscode-spring-boot-1.23.0\language-server\BOOT-INF\lib\commons-codec-1.13.jar;c:\Users\femiliapm\.vscode\extensions\pivotal.vscode-spring-boot-1.23.0\language-server\BOOT-INF\lib\commons-io-2.4.jar;c:\Users\femiliapm\.vscode\extensions\pivotal.vscode-spring-boot-1.23.0\language-server\BOOT-INF\lib\commons-java-1.23.0-SNAPSHOT.jar;c:\Users\femiliapm\.vscode\extensions\pivotal.vscode-spring-boot-1.23.0\language-server\BOOT-INF\lib\commons-lang3-3.9.jar;c:\Users\femiliapm\.vscode\extensions\pivotal.vscode-spring-boot-1.23.0\language-server\BOOT-INF\lib\commons-language-server-1.23.0-SNAPSHOT.jar;c:\Users\femiliapm\.vscode\extensions\pivotal.vscode-spring-boot-1.23.0\language-server\BOOT-INF\lib\commons-lsp-extensions-1.23.0-SNAPSHOT.jar;c:\Users\femiliapm\.vscode\extensions\pivotal.vscode-spring-boot-1.23.0\language-server\BOOT-INF\lib\commons-util-1.23.0-SNAPSHOT.jar;c:\Users\femiliapm\.vscode\extensions\pivotal.vscode-spring-boot-1.23.0\language-server\BOOT-INF\lib\commons-yaml-1.23.0-SNAPSHOT.jar;c:\Users\femiliapm\.vscode\extensions\pivotal.vscode-spring-boot-1.23.0\language-server\BOOT-INF\lib\gson-2.8.6.jar;c:\Users\femiliapm\.vscode\extensions\pivotal.vscode-spring-boot-1.23.0\language-server\BOOT-INF\lib\guava-19.0.jar;c:\Users\femiliapm\.vscode\extensions\pivotal.vscode-spring-boot-1.23.0\language-server\BOOT-INF\lib\jakarta.annotation-api-1.3.5.jar;c:\Users\femiliapm\.vscode\extensions\pivotal.vscode-spring-boot-1.23.0\language-server\BOOT-INF\lib\jandex-2.0.5.Final.jar;c:\Users\femiliapm\.vscode\extensions\pivotal.vscode-spring-boot-1.23
Launcher Type: SUN_STANDARD

Environment Variables:
JAVA_HOME=C:\Program Files\Java\jdk1.8.0_261
PATH=C:\Program Files\Common Files\Oracle\Java\javapath;C:\Program Files (x86)\Common Files\Oracle\Java\javapath;C:\WINDOWS\system32;C:\WINDOWS;C:\WINDOWS\System32\Wbem;C:\WINDOWS\System32\WindowsPowerShell\v1.0\;C:\WINDOWS\System32\OpenSSH\;C:\Program Files\Git\cmd;C:\Program Files\nodejs\;C:\Program Files\apache-maven-3.6.3\bin;C:\Users\femiliapm\AppData\Local\Microsoft\WindowsApps;C:\Program Files\JetBrains\IntelliJ IDEA 2020.2\bin;C:\Users\femiliapm\AppData\Local\GitHubDesktop\bin;C:\Users\femiliapm\AppData\Roaming\npm;C:\Users\femiliapm\AppData\Local\Programs\Microsoft VS Code\bin;C:\Users\femiliapm\AppData\Local\Microsoft\WindowsApps;
USERNAME=femiliapm
OS=Windows_NT
PROCESSOR_IDENTIFIER=Intel64 Family 6 Model 78 Stepping 3, GenuineIntel



---------------  S Y S T E M  ---------------

OS: Windows 10.0 , 64 bit Build 19041 (10.0.19041.546)

CPU:total 4 (initial active 4) (2 cores per cpu, 2 threads per core) family 6 model 78 stepping 3, cmov, cx8, fxsr, mmx, sse, sse2, sse3, ssse3, sse4.1, sse4.2, popcnt, avx, avx2, aes, clmul, erms, 3dnowpref, lzcnt, ht, tsc, tscinvbit, bmi1, bmi2, adx

Memory: 4k page, physical 4077796k(427548k free), swap 12476684k(1838048k free)

vm_info: Java HotSpot(TM) 64-Bit Server VM (25.261-b12) for windows-amd64 JRE (1.8.0_261-b12), built on Jun 18 2020 06:56:32 by "" with unknown MS VC++:1916

time: Mon Nov 23 04:03:05 2020
timezone: SE Asia Standard Time
elapsed time: 63476 seconds (0d 17h 37m 56s)

